生成启动时间为 2015/10/29 0:09:32。
     1>项目“F:\NOWWORKCOME\C++PRIMER\ClassTest.cpp\ClassTest.cpp.vcxproj”在节点 2 上(Build 个目标)。
     1>ClCompile:
         F:\vs2013pro\VC\bin\CL.exe /c /ZI /nologo /W3 /WX- /sdl /Od /Oy- /D _MBCS /Gm /EHsc /RTC1 /MDd /GS /fp:precise /Zc:wchar_t /Zc:forScope /Fo"Debug\\" /Fd"Debug\vc120.pdb" /Gd /TP /analyze- /errorReport:prompt Class.cpp Window_mgr.cpp
         Class.cpp
     1>f:\nowworkcome\c++primer\classtest.cpp\class.h(128): error C2969: 语法错误:“;”: 成员函数定义应以“}”结尾
     1>f:\nowworkcome\c++primer\classtest.cpp\class.h(129): error C2969: 语法错误:“;”: 成员函数定义应以“}”结尾
     1>f:\nowworkcome\c++primer\classtest.cpp\class.h(129): error C2059: 语法错误:“内联函数头”
     1>f:\nowworkcome\c++primer\classtest.cpp\class.h(129): error C2630: “;”在应是逗号分隔列表的位置找到了
     1>f:\nowworkcome\c++primer\classtest.cpp\class.h(130): error C2059: 语法错误:“内联函数头”
     1>f:\nowworkcome\c++primer\classtest.cpp\class.h(130): error C2630: “;”在应是逗号分隔列表的位置找到了
     1>f:\nowworkcome\c++primer\classtest.cpp\class.h(130): error C2065: “is”: 未声明的标识符
         正在生成代码...
         正在编译...
         Window_mgr.cpp
     1>f:\nowworkcome\c++primer\classtest.cpp\class.h(128): error C2969: 语法错误:“;”: 成员函数定义应以“}”结尾
     1>f:\nowworkcome\c++primer\classtest.cpp\class.h(129): error C2969: 语法错误:“;”: 成员函数定义应以“}”结尾
     1>f:\nowworkcome\c++primer\classtest.cpp\class.h(129): error C2059: 语法错误:“内联函数头”
     1>f:\nowworkcome\c++primer\classtest.cpp\class.h(129): error C2630: “;”在应是逗号分隔列表的位置找到了
     1>f:\nowworkcome\c++primer\classtest.cpp\class.h(130): error C2059: 语法错误:“内联函数头”
     1>f:\nowworkcome\c++primer\classtest.cpp\class.h(130): error C2630: “;”在应是逗号分隔列表的位置找到了
     1>f:\nowworkcome\c++primer\classtest.cpp\class.h(130): error C2065: “is”: 未声明的标识符
         正在生成代码...
     1>已完成生成项目“F:\NOWWORKCOME\C++PRIMER\ClassTest.cpp\ClassTest.cpp.vcxproj”(Build 个目标)的操作 - 失败。

生成失败。

已用时间 00:00:01.57
